<?xml version="1.0" encoding="UTF-8"?>
<!-- Generated by org.testng.reporters.JUnitReportReporter -->
<testsuite skipped="0" hostname="SK-PC" name="JenkinsMaven" tests="1" failures="0" timestamp="2020-06-08T03:43:48 IST" time="23.074" errors="0">
  <testcase name="searchTest" time="23.074" classname="JenkinsMaven"/>
  <system-out/>
</testsuite> <!-- JenkinsMaven -->
