<?xml version="1.0" encoding="UTF-8"?>
<!-- Generated by org.testng.reporters.JUnitReportReporter -->
<testsuite skipped="0" hostname="SK-PC" name="JenkinsMavenTest" tests="1" failures="0" timestamp="2020-06-08T03:18:13 IST" time="34.951" errors="0">
  <testcase name="searchTest" time="34.951" classname="JenkinsMavenTest"/>
  <system-out/>
</testsuite> <!-- JenkinsMavenTest -->
