<?xml version="1.0" encoding="UTF-8"?>
<!-- Generated by org.testng.reporters.JUnitReportReporter -->
<testsuite hostname="SK-PC" failures="0" tests="1" name="JenkinsMaven" time="31.632" errors="0" timestamp="2020-06-10T01:53:31 IST" skipped="0">
  <testcase classname="JenkinsMaven" name="searchTest" time="31.632"/>
  <system-out/>
</testsuite> <!-- JenkinsMaven -->
