<?xml version="1.0" encoding="UTF-8"?>
<!-- Generated by org.testng.reporters.JUnitReportReporter -->
<testsuite hostname="SK-PC" failures="0" tests="1" name="JenkinsMavenTest" time="33.473" errors="0" timestamp="2020-06-08T03:28:28 IST" skipped="0">
  <testcase classname="JenkinsMavenTest" name="searchTest" time="33.473"/>
  <system-out/>
</testsuite> <!-- JenkinsMavenTest -->
